10:47:10: Creating resource group General
10:47:10: Creating resource group Internal
10:47:10: Creating resource group Autodetect
10:47:10: Registering ResourceManager for type Mesh
10:47:10: Registering ResourceManager for type Material
10:47:10: Registering ResourceManager for type Skeleton
10:47:10: XMLMeshSerializer reading mesh data from Y:\__OPINNÄYTETYÖ\TundraWorldGenerator\tmp\1\tree.mesh.xml...
10:47:10: Reading geometry...
10:47:10: Geometry done...
10:47:10: Reading submeshes...
10:47:10: Submeshes done.
10:47:10: XMLMeshSerializer import successful.
10:47:10: Reorganising vertex buffers to automatic layout..
10:47:10: MeshSerializer writing mesh data to Y:\__OPINNÄYTETYÖ\TundraWorldGenerator\tmp\1\tree.mesh...
10:47:10: File header written.
10:47:10: Writing mesh data...
10:47:10: Writing submesh...
10:47:10: Exporting submesh texture aliases...
10:47:10: Submesh texture aliases exported.
10:47:10: Submesh exported.
10:47:10: Writing submesh...
10:47:10: Exporting submesh texture aliases...
10:47:10: Submesh texture aliases exported.
10:47:10: Submesh exported.
10:47:10: Exporting bounds information....
10:47:10: Bounds information exported.
10:47:10: Exporting submesh name table...
10:47:10: Submesh name table exported.
10:47:10: Exporting edge lists...
10:47:10: Edge lists exported
10:47:10: Mesh data exported.
10:47:10: MeshSerializer export successful.
10:47:10: Unregistering ResourceManager for type Skeleton
10:47:10: Unregistering ResourceManager for type Material
10:47:10: Unregistering ResourceManager for type Mesh
