18:21:47: Creating resource group General
18:21:47: Creating resource group Internal
18:21:47: Creating resource group Autodetect
18:21:47: Registering ResourceManager for type Mesh
18:21:47: Registering ResourceManager for type Material
18:21:47: Registering ResourceManager for type Skeleton
18:21:47: XMLMeshSerializer reading mesh data from Y:\__OPINNÄYTETYÖ\TundraWorldGenerator\Applications\syote\S5124Csquare.mesh.xml...
18:21:47: Reading geometry...
18:21:47: Geometry done...
18:21:47: Reading submeshes...
18:21:47: Submeshes done.
18:21:47: XMLMeshSerializer import successful.
18:21:47: Reorganising vertex buffers to automatic layout..
18:21:47: MeshSerializer writing mesh data to Y:\__OPINNÄYTETYÖ\TundraWorldGenerator\Applications\syote\S5124Csquare.mesh...
18:21:47: File header written.
18:21:47: Writing mesh data...
18:21:47: Writing submesh...
18:21:47: Exporting submesh texture aliases...
18:21:47: Submesh texture aliases exported.
18:21:47: Submesh exported.
18:21:47: Exporting bounds information....
18:21:47: Bounds information exported.
18:21:47: Exporting submesh name table...
18:21:47: Submesh name table exported.
18:21:47: Exporting edge lists...
18:21:47: Edge lists exported
18:21:47: Mesh data exported.
18:21:47: MeshSerializer export successful.
18:21:47: Unregistering ResourceManager for type Skeleton
18:21:47: Unregistering ResourceManager for type Material
18:21:47: Unregistering ResourceManager for type Mesh
